<?xml version="1.0" encoding="UTF-8"?>
<coverage generated="1498084767159" clover="3.2.0">
  <project timestamp="1498084767160" name="All files">
    <metrics statements="123" coveredstatements="79" conditionals="21" coveredconditionals="4" methods="38" coveredmethods="20" elements="182" coveredelements="103" complexity="0" loc="123" ncloc="123" packages="9" files="19" classes="19">
      <package name="src">
        <metrics statements="8" coveredstatements="7" conditionals="0" coveredconditionals="0" methods="3" coveredmethods="2"/>
        <file name="dispatcher.js" path="/Users/andeladeveloper/Documents/NewsLines/src/dispatcher.js">
          <metrics statements="8" coveredstatements="7" conditionals="0" coveredconditionals="0" methods="3" coveredmethods="2"/>
          <line num="1" count="8" type="stmt"/>
          <line num="3" count="8" type="stmt"/>
          <line num="5" count="8" type="stmt"/>
          <line num="6" count="1" type="stmt"/>
          <line num="12" count="8" type="stmt"/>
          <line num="13" count="0" type="stmt"/>
          <line num="19" count="8" type="stmt"/>
          <line num="20" count="1" type="stmt"/>
        </file>
      </package>
      <package name="src.Actions">
        <metrics statements="5" coveredstatements="5" conditionals="0" coveredconditionals="0" methods="0" coveredmethods="0"/>
        <file name="AuthAction.js" path="/Users/andeladeveloper/Documents/NewsLines/src/Actions/AuthAction.js">
          <metrics statements="1" coveredstatements="1" conditionals="0" coveredconditionals="0" methods="0" coveredmethods="0"/>
          <line num="6" count="1" type="stmt"/>
        </file>
        <file name="LogoutAction.js" path="/Users/andeladeveloper/Documents/NewsLines/src/Actions/LogoutAction.js">
          <metrics statements="1" coveredstatements="1" conditionals="0" coveredconditionals="0" methods="0" coveredmethods="0"/>
          <line num="6" count="1" type="stmt"/>
        </file>
        <file name="NewsAction.js" path="/Users/andeladeveloper/Documents/NewsLines/src/Actions/NewsAction.js">
          <metrics statements="2" coveredstatements="2" conditionals="0" coveredconditionals="0" methods="0" coveredmethods="0"/>
          <line num="7" count="1" type="stmt"/>
          <line num="8" count="1" type="stmt"/>
        </file>
        <file name="NewsServerAction.js" path="/Users/andeladeveloper/Documents/NewsLines/src/Actions/NewsServerAction.js">
          <metrics statements="1" coveredstatements="1" conditionals="0" coveredconditionals="0" methods="0" coveredmethods="0"/>
          <line num="6" count="1" type="stmt"/>
        </file>
      </package>
      <package name="src.components">
        <metrics statements="9" coveredstatements="9" conditionals="0" coveredconditionals="0" methods="4" coveredmethods="4"/>
        <file name="404.jsx" path="/Users/andeladeveloper/Documents/NewsLines/src/components/404.jsx">
          <metrics statements="2" coveredstatements="2" conditionals="0" coveredconditionals="0" methods="1" coveredmethods="1"/>
          <line num="3" count="1" type="stmt"/>
          <line num="4" count="3" type="stmt"/>
        </file>
        <file name="Body.jsx" path="/Users/andeladeveloper/Documents/NewsLines/src/components/Body.jsx">
          <metrics statements="2" coveredstatements="2" conditionals="0" coveredconditionals="0" methods="1" coveredmethods="1"/>
          <line num="5" count="1" type="stmt"/>
          <line num="6" count="1" type="stmt"/>
        </file>
        <file name="Header.jsx" path="/Users/andeladeveloper/Documents/NewsLines/src/components/Header.jsx">
          <metrics statements="2" coveredstatements="2" conditionals="0" coveredconditionals="0" methods="1" coveredmethods="1"/>
          <line num="4" count="2" type="stmt"/>
          <line num="5" count="2" type="stmt"/>
        </file>
        <file name="Layout.jsx" path="/Users/andeladeveloper/Documents/NewsLines/src/components/Layout.jsx">
          <metrics statements="3" coveredstatements="3" conditionals="0" coveredconditionals="0" methods="1" coveredmethods="1"/>
          <line num="6" count="1" type="stmt"/>
          <line num="7" count="1" type="stmt"/>
          <line num="17" count="1" type="stmt"/>
        </file>
      </package>
      <package name="src.components.Body">
        <metrics statements="49" coveredstatements="26" conditionals="10" coveredconditionals="1" methods="21" coveredmethods="8"/>
        <file name="DisplayNews.jsx" path="/Users/andeladeveloper/Documents/NewsLines/src/components/Body/DisplayNews.jsx">
          <metrics statements="14" coveredstatements="6" conditionals="6" coveredconditionals="0" methods="3" coveredmethods="0"/>
          <line num="14" count="1" type="stmt"/>
          <line num="16" count="1" type="stmt"/>
          <line num="17" count="1" type="stmt"/>
          <line num="18" count="1" type="stmt"/>
          <line num="19" count="1" type="stmt"/>
          <line num="28" count="0" type="stmt"/>
          <line num="29" count="0" type="stmt"/>
          <line num="32" count="0" type="stmt"/>
          <line num="33" count="0" type="stmt"/>
          <line num="34" count="0" type="stmt"/>
          <line num="35" count="0" type="stmt"/>
          <line num="36" count="0" type="stmt"/>
          <line num="48" count="0" type="stmt"/>
          <line num="128" count="1" type="stmt"/>
        </file>
        <file name="NewsSort.jsx" path="/Users/andeladeveloper/Documents/NewsLines/src/components/Body/NewsSort.jsx">
          <metrics statements="7" coveredstatements="5" conditionals="0" coveredconditionals="0" methods="3" coveredmethods="2"/>
          <line num="7" count="1" type="stmt"/>
          <line num="8" count="1" type="stmt"/>
          <line num="9" count="1" type="stmt"/>
          <line num="12" count="0" type="stmt"/>
          <line num="15" count="0" type="stmt"/>
          <line num="18" count="1" type="stmt"/>
          <line num="35" count="1" type="stmt"/>
        </file>
        <file name="NewsSource.jsx" path="/Users/andeladeveloper/Documents/NewsLines/src/components/Body/NewsSource.jsx">
          <metrics statements="14" coveredstatements="7" conditionals="2" coveredconditionals="0" methods="6" coveredmethods="3"/>
          <line num="7" count="1" type="stmt"/>
          <line num="8" count="1" type="stmt"/>
          <line num="9" count="1" type="stmt"/>
          <line num="12" count="1" type="stmt"/>
          <line num="14" count="0" type="cond" truecount="0" falsecount="2"/>
          <line num="15" count="0" type="stmt"/>
          <line num="17" count="0" type="stmt"/>
          <line num="21" count="0" type="stmt"/>
          <line num="27" count="0" type="stmt"/>
          <line num="30" count="0" type="stmt"/>
          <line num="33" count="1" type="stmt"/>
          <line num="35" count="0" type="stmt"/>
          <line num="38" count="1" type="stmt"/>
          <line num="54" count="1" type="stmt"/>
        </file>
        <file name="SourceSort.jsx" path="/Users/andeladeveloper/Documents/NewsLines/src/components/Body/SourceSort.jsx">
          <metrics statements="14" coveredstatements="8" conditionals="2" coveredconditionals="1" methods="9" coveredmethods="3"/>
          <line num="10" count="1" type="stmt"/>
          <line num="11" count="1" type="stmt"/>
          <line num="12" count="1" type="stmt"/>
          <line num="13" count="1" type="stmt"/>
          <line num="14" count="1" type="stmt"/>
          <line num="15" count="1" type="stmt"/>
          <line num="18" count="1" type="stmt"/>
          <line num="21" count="0" type="stmt"/>
          <line num="24" count="0" type="stmt"/>
          <line num="27" count="0" type="stmt"/>
          <line num="30" count="0" type="stmt"/>
          <line num="33" count="1" type="stmt"/>
          <line num="38" count="0" type="stmt"/>
          <line num="41" count="0" type="stmt"/>
        </file>
      </package>
      <package name="src.components.Footer">
        <metrics statements="1" coveredstatements="1" conditionals="0" coveredconditionals="0" methods="1" coveredmethods="1"/>
        <file name="Footer.jsx" path="/Users/andeladeveloper/Documents/NewsLines/src/components/Footer/Footer.jsx">
          <metrics statements="1" coveredstatements="1" conditionals="0" coveredconditionals="0" methods="1" coveredmethods="1"/>
          <line num="6" count="3" type="stmt"/>
        </file>
      </package>
      <package name="src.components.Header">
        <metrics statements="9" coveredstatements="6" conditionals="2" coveredconditionals="1" methods="6" coveredmethods="3"/>
        <file name="Navigation.jsx" path="/Users/andeladeveloper/Documents/NewsLines/src/components/Header/Navigation.jsx">
          <metrics statements="9" coveredstatements="6" conditionals="2" coveredconditionals="1" methods="6" coveredmethods="3"/>
          <line num="8" count="3" type="stmt"/>
          <line num="9" count="3" type="stmt"/>
          <line num="12" count="3" type="stmt"/>
          <line num="13" count="3" type="stmt"/>
          <line num="16" count="3" type="stmt"/>
          <line num="19" count="0" type="stmt"/>
          <line num="22" count="0" type="stmt"/>
          <line num="25" count="0" type="stmt"/>
          <line num="28" count="3" type="stmt"/>
        </file>
      </package>
      <package name="src.constants">
        <metrics statements="1" coveredstatements="1" conditionals="0" coveredconditionals="0" methods="0" coveredmethods="0"/>
        <file name="constants.js" path="/Users/andeladeveloper/Documents/NewsLines/src/constants/constants.js">
          <metrics statements="1" coveredstatements="1" conditionals="0" coveredconditionals="0" methods="0" coveredmethods="0"/>
          <line num="1" count="9" type="stmt"/>
        </file>
      </package>
      <package name="src.store">
        <metrics statements="37" coveredstatements="23" conditionals="7" coveredconditionals="2" methods="2" coveredmethods="2"/>
        <file name="AuthStore.js" path="/Users/andeladeveloper/Documents/NewsLines/src/store/AuthStore.js">
          <metrics statements="21" coveredstatements="12" conditionals="5" coveredconditionals="1" methods="1" coveredmethods="1"/>
          <line num="5" count="4" type="stmt"/>
          <line num="7" count="4" type="stmt"/>
          <line num="9" count="4" type="stmt"/>
          <line num="13" count="4" type="stmt"/>
          <line num="15" count="3" type="stmt"/>
          <line num="18" count="0" type="stmt"/>
          <line num="21" count="1" type="stmt"/>
          <line num="24" count="1" type="stmt"/>
          <line num="28" count="4" type="stmt"/>
          <line num="29" count="1" type="stmt"/>
          <line num="30" count="1" type="stmt"/>
          <line num="31" count="1" type="cond" truecount="1" falsecount="2"/>
          <line num="33" count="0" type="stmt"/>
          <line num="34" count="0" type="stmt"/>
          <line num="35" count="0" type="stmt"/>
          <line num="37" count="0" type="stmt"/>
          <line num="38" count="0" type="cond" truecount="0" falsecount="2"/>
          <line num="39" count="0" type="stmt"/>
          <line num="40" count="0" type="stmt"/>
          <line num="42" count="0" type="stmt"/>
          <line num="44" count="1" type="stmt"/>
        </file>
        <file name="NewsStore.js" path="/Users/andeladeveloper/Documents/NewsLines/src/store/NewsStore.js">
          <metrics statements="16" coveredstatements="11" conditionals="2" coveredconditionals="1" methods="1" coveredmethods="1"/>
          <line num="5" count="2" type="stmt"/>
          <line num="8" count="2" type="stmt"/>
          <line num="10" count="2" type="stmt"/>
          <line num="15" count="2" type="stmt"/>
          <line num="18" count="1" type="stmt"/>
          <line num="21" count="0" type="stmt"/>
          <line num="24" count="1" type="stmt"/>
          <line num="27" count="0" type="stmt"/>
          <line num="31" count="2" type="stmt"/>
          <line num="32" count="1" type="stmt"/>
          <line num="33" count="1" type="stmt"/>
          <line num="34" count="1" type="cond" truecount="1" falsecount="1"/>
          <line num="36" count="0" type="stmt"/>
          <line num="37" count="0" type="stmt"/>
          <line num="38" count="0" type="stmt"/>
          <line num="41" count="1" type="stmt"/>
        </file>
      </package>
      <package name="src.utils">
        <metrics statements="4" coveredstatements="1" conditionals="2" coveredconditionals="0" methods="1" coveredmethods="0"/>
        <file name="NewsAPI.js" path="/Users/andeladeveloper/Documents/NewsLines/src/utils/NewsAPI.js">
          <metrics statements="4" coveredstatements="1" conditionals="2" coveredconditionals="0" methods="1" coveredmethods="0"/>
          <line num="6" count="1" type="stmt"/>
          <line num="9" count="0" type="cond" truecount="0" falsecount="2"/>
          <line num="10" count="0" type="stmt"/>
          <line num="12" count="0" type="stmt"/>
        </file>
      </package>
    </metrics>
  </project>
</coverage>
