{"/Users/andeladeveloper/Documents/NewsLines/src/dispatcher.js": {"path":"/Users/andeladeveloper/Documents/NewsLines/src/dispatcher.js","statementMap":{"0":{"start":{"line":1,"column":19},"end":{"line":1,"column":45}},"1":{"start":{"line":3,"column":19},"end":{"line":3,"column":35}},"2":{"start":{"line":5,"column":0},"end":{"line":10,"column":2}},"3":{"start":{"line":6,"column":2},"end":{"line":9,"column":5}},"4":{"start":{"line":12,"column":0},"end":{"line":17,"column":2}},"5":{"start":{"line":13,"column":2},"end":{"line":16,"column":5}},"6":{"start":{"line":19,"column":0},"end":{"line":24,"column":2}},"7":{"start":{"line":20,"column":2},"end":{"line":23,"column":5}}},"fnMap":{"0":{"name":"articles","decl":{"start":{"line":5,"column":39},"end":{"line":5,"column":47}},"loc":{"start":{"line":5,"column":56},"end":{"line":10,"column":1}},"line":5},"1":{"name":"apiControl","decl":{"start":{"line":12,"column":41},"end":{"line":12,"column":51}},"loc":{"start":{"line":12,"column":60},"end":{"line":17,"column":1}},"line":12},"2":{"name":"auth","decl":{"start":{"line":19,"column":41},"end":{"line":19,"column":45}},"loc":{"start":{"line":19,"column":54},"end":{"line":24,"column":1}},"line":19}},"branchMap":{},"s":{"0":8,"1":8,"2":8,"3":1,"4":8,"5":0,"6":8,"7":1},"f":{"0":1,"1":0,"2":1},"b":{},"_coverageSchema":"332fd63041d2c1bcb487cc26dd0d5f7d97098a6c","hash":"0da8b5c3bd294cdf0671d6bc4b818ce4f6a03cdc"}
,"/Users/andeladeveloper/Documents/NewsLines/src/Actions/AuthAction.js": {"path":"/Users/andeladeveloper/Documents/NewsLines/src/Actions/AuthAction.js","statementMap":{"0":{"start":{"line":6,"column":4},"end":{"line":9,"column":7}}},"fnMap":{},"branchMap":{},"s":{"0":1},"f":{},"b":{},"_coverageSchema":"332fd63041d2c1bcb487cc26dd0d5f7d97098a6c","hash":"9df67722f28ba1ce8fd4181a600dac75b8d278c4"}
,"/Users/andeladeveloper/Documents/NewsLines/src/Actions/LogoutAction.js": {"path":"/Users/andeladeveloper/Documents/NewsLines/src/Actions/LogoutAction.js","statementMap":{"0":{"start":{"line":6,"column":4},"end":{"line":9,"column":7}}},"fnMap":{},"branchMap":{},"s":{"0":1},"f":{},"b":{},"_coverageSchema":"332fd63041d2c1bcb487cc26dd0d5f7d97098a6c","hash":"ce33375792609f256c412c710144378bb509b7ee"}
,"/Users/andeladeveloper/Documents/NewsLines/src/Actions/NewsAction.js": {"path":"/Users/andeladeveloper/Documents/NewsLines/src/Actions/NewsAction.js","statementMap":{"0":{"start":{"line":7,"column":4},"end":{"line":7,"column":30}},"1":{"start":{"line":8,"column":4},"end":{"line":10,"column":7}}},"fnMap":{},"branchMap":{},"s":{"0":1,"1":1},"f":{},"b":{},"_coverageSchema":"332fd63041d2c1bcb487cc26dd0d5f7d97098a6c","hash":"7731bf829878ae5992bd36d9189d23128ac54aee"}
,"/Users/andeladeveloper/Documents/NewsLines/src/Actions/NewsServerAction.js": {"path":"/Users/andeladeveloper/Documents/NewsLines/src/Actions/NewsServerAction.js","statementMap":{"0":{"start":{"line":6,"column":4},"end":{"line":9,"column":7}}},"fnMap":{},"branchMap":{},"s":{"0":1},"f":{},"b":{},"_coverageSchema":"332fd63041d2c1bcb487cc26dd0d5f7d97098a6c","hash":"cc2c816c86661df1cba09c57858c07477df1b33d"}
,"/Users/andeladeveloper/Documents/NewsLines/src/components/404.jsx": {"path":"/Users/andeladeveloper/Documents/NewsLines/src/components/404.jsx","statementMap":{"0":{"start":{"line":3,"column":17},"end":{"line":8,"column":1}},"1":{"start":{"line":4,"column":2},"end":{"line":7,"column":8}}},"fnMap":{"0":{"name":"(anonymous_0)","decl":{"start":{"line":3,"column":17},"end":{"line":3,"column":18}},"loc":{"start":{"line":4,"column":2},"end":{"line":7,"column":8}},"line":4}},"branchMap":{},"s":{"0":1,"1":3},"f":{"0":3},"b":{},"_coverageSchema":"332fd63041d2c1bcb487cc26dd0d5f7d97098a6c","hash":"672222dcd9da50fb776a0a033b424af9548389f1"}
,"/Users/andeladeveloper/Documents/NewsLines/src/components/Body.jsx": {"path":"/Users/andeladeveloper/Documents/NewsLines/src/components/Body.jsx","statementMap":{"0":{"start":{"line":5,"column":13},"end":{"line":11,"column":1}},"1":{"start":{"line":6,"column":2},"end":{"line":10,"column":8}}},"fnMap":{"0":{"name":"(anonymous_0)","decl":{"start":{"line":5,"column":13},"end":{"line":5,"column":14}},"loc":{"start":{"line":6,"column":2},"end":{"line":10,"column":8}},"line":6}},"branchMap":{},"s":{"0":1,"1":1},"f":{"0":1},"b":{},"_coverageSchema":"332fd63041d2c1bcb487cc26dd0d5f7d97098a6c","hash":"ba802018d37c325e481ae21f9e65d5361f43b8a5"}
,"/Users/andeladeveloper/Documents/NewsLines/src/components/Header.jsx": {"path":"/Users/andeladeveloper/Documents/NewsLines/src/components/Header.jsx","statementMap":{"0":{"start":{"line":4,"column":15},"end":{"line":8,"column":1}},"1":{"start":{"line":5,"column":2},"end":{"line":7,"column":8}}},"fnMap":{"0":{"name":"(anonymous_0)","decl":{"start":{"line":4,"column":15},"end":{"line":4,"column":16}},"loc":{"start":{"line":5,"column":2},"end":{"line":7,"column":8}},"line":5}},"branchMap":{},"s":{"0":2,"1":2},"f":{"0":2},"b":{},"_coverageSchema":"332fd63041d2c1bcb487cc26dd0d5f7d97098a6c","hash":"fdb0f46bd2c41cd9ca96d948dda180fb73d6f89d"}
,"/Users/andeladeveloper/Documents/NewsLines/src/components/Layout.jsx": {"path":"/Users/andeladeveloper/Documents/NewsLines/src/components/Layout.jsx","statementMap":{"0":{"start":{"line":6,"column":15},"end":{"line":15,"column":1}},"1":{"start":{"line":7,"column":2},"end":{"line":14,"column":8}},"2":{"start":{"line":17,"column":0},"end":{"line":22,"column":2}}},"fnMap":{"0":{"name":"(anonymous_0)","decl":{"start":{"line":6,"column":15},"end":{"line":6,"column":16}},"loc":{"start":{"line":7,"column":2},"end":{"line":14,"column":8}},"line":7}},"branchMap":{},"s":{"0":1,"1":1,"2":1},"f":{"0":1},"b":{},"_coverageSchema":"332fd63041d2c1bcb487cc26dd0d5f7d97098a6c","hash":"2df5dec02f337cdce2a0e2420d636a5ec54dec8b"}
,"/Users/andeladeveloper/Documents/NewsLines/src/components/Body/DisplayNews.jsx": {"path":"/Users/andeladeveloper/Documents/NewsLines/src/components/Body/DisplayNews.jsx","statementMap":{"0":{"start":{"line":14,"column":4},"end":{"line":14,"column":16}},"1":{"start":{"line":16,"column":21},"end":{"line":16,"column":50}},"2":{"start":{"line":17,"column":20},"end":{"line":17,"column":48}},"3":{"start":{"line":18,"column":23},"end":{"line":18,"column":50}},"4":{"start":{"line":19,"column":21},"end":{"line":19,"column":50}},"5":{"start":{"line":28,"column":4},"end":{"line":28,"column":17}},"6":{"start":{"line":29,"column":4},"end":{"line":29,"column":43}},"7":{"start":{"line":32,"column":16},"end":{"line":32,"column":36}},"8":{"start":{"line":33,"column":23},"end":{"line":33,"column":33}},"9":{"start":{"line":34,"column":23},"end":{"line":34,"column":52}},"10":{"start":{"line":35,"column":18},"end":{"line":35,"column":29}},"11":{"start":{"line":36,"column":4},"end":{"line":124,"column":6}},"12":{"start":{"line":48,"column":23},"end":{"line":116,"column":28}},"13":{"start":{"line":128,"column":0},"end":{"line":132,"column":2}}},"fnMap":{"0":{"name":"(anonymous_0)","decl":{"start":{"line":27,"column":2},"end":{"line":27,"column":3}},"loc":{"start":{"line":27,"column":21},"end":{"line":30,"column":3}},"line":27},"1":{"name":"(anonymous_1)","decl":{"start":{"line":31,"column":2},"end":{"line":31,"column":3}},"loc":{"start":{"line":31,"column":11},"end":{"line":125,"column":3}},"line":31},"2":{"name":"(anonymous_2)","decl":{"start":{"line":47,"column":50},"end":{"line":47,"column":51}},"loc":{"start":{"line":48,"column":23},"end":{"line":116,"column":28}},"line":48}},"branchMap":{"0":{"loc":{"start":{"line":56,"column":55},"end":{"line":56,"column":110}},"type":"binary-expr","locations":[{"start":{"line":56,"column":55},"end":{"line":56,"column":91}},{"start":{"line":56,"column":95},"end":{"line":56,"column":110}}],"line":56},"1":{"loc":{"start":{"line":57,"column":74},"end":{"line":57,"column":131}},"type":"binary-expr","locations":[{"start":{"line":57,"column":74},"end":{"line":57,"column":112}},{"start":{"line":57,"column":116},"end":{"line":57,"column":131}}],"line":57},"2":{"loc":{"start":{"line":59,"column":84},"end":{"line":59,"column":132}},"type":"binary-expr","locations":[{"start":{"line":59,"column":85},"end":{"line":59,"column":112}},{"start":{"line":59,"column":117},"end":{"line":59,"column":132}}],"line":59}},"s":{"0":1,"1":1,"2":1,"3":1,"4":1,"5":0,"6":0,"7":0,"8":0,"9":0,"10":0,"11":0,"12":0,"13":1},"f":{"0":0,"1":0,"2":0},"b":{"0":[0,0],"1":[0,0],"2":[0,0]},"_coverageSchema":"332fd63041d2c1bcb487cc26dd0d5f7d97098a6c","hash":"0c9476d77a9d3d9b8ccbbbafcde619af79b991c9"}
,"/Users/andeladeveloper/Documents/NewsLines/src/components/Body/NewsSort.jsx": {"path":"/Users/andeladeveloper/Documents/NewsLines/src/components/Body/NewsSort.jsx","statementMap":{"0":{"start":{"line":7,"column":4},"end":{"line":7,"column":17}},"1":{"start":{"line":8,"column":4},"end":{"line":8,"column":53}},"2":{"start":{"line":9,"column":4},"end":{"line":9,"column":33}},"3":{"start":{"line":12,"column":4},"end":{"line":14,"column":7}},"4":{"start":{"line":15,"column":4},"end":{"line":15,"column":43}},"5":{"start":{"line":18,"column":4},"end":{"line":32,"column":6}},"6":{"start":{"line":35,"column":0},"end":{"line":37,"column":2}}},"fnMap":{"0":{"name":"(anonymous_0)","decl":{"start":{"line":6,"column":2},"end":{"line":6,"column":3}},"loc":{"start":{"line":6,"column":21},"end":{"line":10,"column":3}},"line":6},"1":{"name":"(anonymous_1)","decl":{"start":{"line":11,"column":2},"end":{"line":11,"column":3}},"loc":{"start":{"line":11,"column":22},"end":{"line":16,"column":3}},"line":11},"2":{"name":"(anonymous_2)","decl":{"start":{"line":17,"column":2},"end":{"line":17,"column":3}},"loc":{"start":{"line":17,"column":11},"end":{"line":33,"column":3}},"line":17}},"branchMap":{},"s":{"0":1,"1":1,"2":1,"3":0,"4":0,"5":1,"6":1},"f":{"0":1,"1":0,"2":1},"b":{},"_coverageSchema":"332fd63041d2c1bcb487cc26dd0d5f7d97098a6c","hash":"15defc731415266c1766387245bd68b7818230e4"}
,"/Users/andeladeveloper/Documents/NewsLines/src/components/Body/NewsSource.jsx": {"path":"/Users/andeladeveloper/Documents/NewsLines/src/components/Body/NewsSource.jsx","statementMap":{"0":{"start":{"line":7,"column":4},"end":{"line":7,"column":17}},"1":{"start":{"line":8,"column":4},"end":{"line":8,"column":53}},"2":{"start":{"line":9,"column":4},"end":{"line":9,"column":52}},"3":{"start":{"line":12,"column":4},"end":{"line":22,"column":7}},"4":{"start":{"line":14,"column":6},"end":{"line":16,"column":7}},"5":{"start":{"line":15,"column":8},"end":{"line":15,"column":21}},"6":{"start":{"line":17,"column":6},"end":{"line":20,"column":9}},"7":{"start":{"line":21,"column":6},"end":{"line":21,"column":27}},"8":{"start":{"line":27,"column":4},"end":{"line":29,"column":7}},"9":{"start":{"line":30,"column":4},"end":{"line":30,"column":45}},"10":{"start":{"line":33,"column":19},"end":{"line":37,"column":9}},"11":{"start":{"line":35,"column":17},"end":{"line":35,"column":86}},"12":{"start":{"line":38,"column":4},"end":{"line":51,"column":6}},"13":{"start":{"line":54,"column":0},"end":{"line":56,"column":2}}},"fnMap":{"0":{"name":"(anonymous_0)","decl":{"start":{"line":6,"column":2},"end":{"line":6,"column":3}},"loc":{"start":{"line":6,"column":21},"end":{"line":10,"column":3}},"line":6},"1":{"name":"(anonymous_1)","decl":{"start":{"line":11,"column":2},"end":{"line":11,"column":3}},"loc":{"start":{"line":11,"column":22},"end":{"line":23,"column":3}},"line":11},"2":{"name":"(anonymous_2)","decl":{"start":{"line":13,"column":9},"end":{"line":13,"column":10}},"loc":{"start":{"line":13,"column":30},"end":{"line":22,"column":5}},"line":13},"3":{"name":"(anonymous_3)","decl":{"start":{"line":26,"column":2},"end":{"line":26,"column":3}},"loc":{"start":{"line":26,"column":22},"end":{"line":31,"column":3}},"line":26},"4":{"name":"(anonymous_4)","decl":{"start":{"line":32,"column":2},"end":{"line":32,"column":3}},"loc":{"start":{"line":32,"column":11},"end":{"line":52,"column":3}},"line":32},"5":{"name":"(anonymous_5)","decl":{"start":{"line":33,"column":46},"end":{"line":33,"column":47}},"loc":{"start":{"line":35,"column":17},"end":{"line":35,"column":86}},"line":35}},"branchMap":{"0":{"loc":{"start":{"line":14,"column":6},"end":{"line":16,"column":7}},"type":"if","locations":[{"start":{"line":14,"column":6},"end":{"line":16,"column":7}},{"start":{"line":14,"column":6},"end":{"line":16,"column":7}}],"line":14}},"s":{"0":1,"1":1,"2":1,"3":1,"4":0,"5":0,"6":0,"7":0,"8":0,"9":0,"10":1,"11":0,"12":1,"13":1},"f":{"0":1,"1":1,"2":0,"3":0,"4":1,"5":0},"b":{"0":[0,0]},"_coverageSchema":"332fd63041d2c1bcb487cc26dd0d5f7d97098a6c","hash":"8824f8b2d470e28f922d56f3be162ba54cb057a6"}
,"/Users/andeladeveloper/Documents/NewsLines/src/components/Body/SourceSort.jsx": {"path":"/Users/andeladeveloper/Documents/NewsLines/src/components/Body/SourceSort.jsx","statementMap":{"0":{"start":{"line":10,"column":4},"end":{"line":10,"column":17}},"1":{"start":{"line":11,"column":4},"end":{"line":11,"column":78}},"2":{"start":{"line":12,"column":4},"end":{"line":12,"column":47}},"3":{"start":{"line":13,"column":4},"end":{"line":13,"column":43}},"4":{"start":{"line":14,"column":4},"end":{"line":14,"column":43}},"5":{"start":{"line":15,"column":4},"end":{"line":15,"column":45}},"6":{"start":{"line":18,"column":4},"end":{"line":18,"column":47}},"7":{"start":{"line":21,"column":4},"end":{"line":21,"column":68}},"8":{"start":{"line":24,"column":4},"end":{"line":24,"column":66}},"9":{"start":{"line":27,"column":4},"end":{"line":27,"column":40}},"10":{"start":{"line":30,"column":4},"end":{"line":30,"column":38}},"11":{"start":{"line":33,"column":4},"end":{"line":55,"column":6}},"12":{"start":{"line":38,"column":71},"end":{"line":38,"column":95}},"13":{"start":{"line":41,"column":45},"end":{"line":41,"column":67}}},"fnMap":{"0":{"name":"(anonymous_0)","decl":{"start":{"line":9,"column":2},"end":{"line":9,"column":3}},"loc":{"start":{"line":9,"column":21},"end":{"line":16,"column":3}},"line":9},"1":{"name":"(anonymous_1)","decl":{"start":{"line":17,"column":2},"end":{"line":17,"column":3}},"loc":{"start":{"line":17,"column":22},"end":{"line":19,"column":3}},"line":17},"2":{"name":"(anonymous_2)","decl":{"start":{"line":20,"column":2},"end":{"line":20,"column":3}},"loc":{"start":{"line":20,"column":13},"end":{"line":22,"column":3}},"line":20},"3":{"name":"(anonymous_3)","decl":{"start":{"line":23,"column":2},"end":{"line":23,"column":3}},"loc":{"start":{"line":23,"column":12},"end":{"line":25,"column":3}},"line":23},"4":{"name":"(anonymous_4)","decl":{"start":{"line":26,"column":2},"end":{"line":26,"column":3}},"loc":{"start":{"line":26,"column":22},"end":{"line":28,"column":3}},"line":26},"5":{"name":"(anonymous_5)","decl":{"start":{"line":29,"column":2},"end":{"line":29,"column":3}},"loc":{"start":{"line":29,"column":20},"end":{"line":31,"column":3}},"line":29},"6":{"name":"(anonymous_6)","decl":{"start":{"line":32,"column":2},"end":{"line":32,"column":3}},"loc":{"start":{"line":32,"column":11},"end":{"line":56,"column":3}},"line":32},"7":{"name":"(anonymous_7)","decl":{"start":{"line":38,"column":59},"end":{"line":38,"column":60}},"loc":{"start":{"line":38,"column":71},"end":{"line":38,"column":95}},"line":38},"8":{"name":"(anonymous_8)","decl":{"start":{"line":41,"column":33},"end":{"line":41,"column":34}},"loc":{"start":{"line":41,"column":45},"end":{"line":41,"column":67}},"line":41}},"branchMap":{"0":{"loc":{"start":{"line":53,"column":9},"end":{"line":53,"column":79}},"type":"cond-expr","locations":[{"start":{"line":53,"column":34},"end":{"line":53,"column":72}},{"start":{"line":53,"column":75},"end":{"line":53,"column":79}}],"line":53}},"s":{"0":1,"1":1,"2":1,"3":1,"4":1,"5":1,"6":1,"7":0,"8":0,"9":0,"10":0,"11":1,"12":0,"13":0},"f":{"0":1,"1":1,"2":0,"3":0,"4":0,"5":0,"6":1,"7":0,"8":0},"b":{"0":[0,1]},"_coverageSchema":"332fd63041d2c1bcb487cc26dd0d5f7d97098a6c","hash":"adf9da1bf83a247a0f7566605930149e79fc77f2"}
,"/Users/andeladeveloper/Documents/NewsLines/src/components/Footer/Footer.jsx": {"path":"/Users/andeladeveloper/Documents/NewsLines/src/components/Footer/Footer.jsx","statementMap":{"0":{"start":{"line":6,"column":4},"end":{"line":21,"column":6}}},"fnMap":{"0":{"name":"(anonymous_0)","decl":{"start":{"line":5,"column":2},"end":{"line":5,"column":3}},"loc":{"start":{"line":5,"column":11},"end":{"line":22,"column":3}},"line":5}},"branchMap":{},"s":{"0":3},"f":{"0":3},"b":{},"_coverageSchema":"332fd63041d2c1bcb487cc26dd0d5f7d97098a6c","hash":"3e92e827068e70cd757044c17d3ea2096bd221c9"}
,"/Users/andeladeveloper/Documents/NewsLines/src/components/Header/Navigation.jsx": {"path":"/Users/andeladeveloper/Documents/NewsLines/src/components/Header/Navigation.jsx","statementMap":{"0":{"start":{"line":8,"column":4},"end":{"line":8,"column":17}},"1":{"start":{"line":9,"column":4},"end":{"line":11,"column":6}},"2":{"start":{"line":12,"column":4},"end":{"line":12,"column":45}},"3":{"start":{"line":13,"column":4},"end":{"line":13,"column":49}},"4":{"start":{"line":16,"column":4},"end":{"line":16,"column":47}},"5":{"start":{"line":19,"column":4},"end":{"line":19,"column":61}},"6":{"start":{"line":22,"column":4},"end":{"line":22,"column":50}},"7":{"start":{"line":25,"column":4},"end":{"line":25,"column":41}},"8":{"start":{"line":28,"column":4},"end":{"line":44,"column":6}}},"fnMap":{"0":{"name":"(anonymous_0)","decl":{"start":{"line":7,"column":2},"end":{"line":7,"column":3}},"loc":{"start":{"line":7,"column":21},"end":{"line":14,"column":3}},"line":7},"1":{"name":"(anonymous_1)","decl":{"start":{"line":15,"column":2},"end":{"line":15,"column":3}},"loc":{"start":{"line":15,"column":22},"end":{"line":17,"column":3}},"line":15},"2":{"name":"(anonymous_2)","decl":{"start":{"line":18,"column":2},"end":{"line":18,"column":3}},"loc":{"start":{"line":18,"column":13},"end":{"line":20,"column":3}},"line":18},"3":{"name":"(anonymous_3)","decl":{"start":{"line":21,"column":2},"end":{"line":21,"column":3}},"loc":{"start":{"line":21,"column":24},"end":{"line":23,"column":3}},"line":21},"4":{"name":"(anonymous_4)","decl":{"start":{"line":24,"column":2},"end":{"line":24,"column":3}},"loc":{"start":{"line":24,"column":15},"end":{"line":26,"column":3}},"line":24},"5":{"name":"(anonymous_5)","decl":{"start":{"line":27,"column":2},"end":{"line":27,"column":3}},"loc":{"start":{"line":27,"column":11},"end":{"line":45,"column":3}},"line":27}},"branchMap":{"0":{"loc":{"start":{"line":37,"column":15},"end":{"line":39,"column":14}},"type":"cond-expr","locations":[{"start":{"line":38,"column":16},"end":{"line":38,"column":118}},{"start":{"line":39,"column":10},"end":{"line":39,"column":14}}],"line":37}},"s":{"0":3,"1":3,"2":3,"3":3,"4":3,"5":0,"6":0,"7":0,"8":3},"f":{"0":3,"1":3,"2":0,"3":0,"4":0,"5":3},"b":{"0":[0,3]},"_coverageSchema":"332fd63041d2c1bcb487cc26dd0d5f7d97098a6c","hash":"49b54f13934645136523015beeea5dfc8d734278"}
,"/Users/andeladeveloper/Documents/NewsLines/src/constants/constants.js": {"path":"/Users/andeladeveloper/Documents/NewsLines/src/constants/constants.js","statementMap":{"0":{"start":{"line":1,"column":0},"end":{"line":5,"column":2}}},"fnMap":{},"branchMap":{},"s":{"0":9},"f":{},"b":{},"_coverageSchema":"332fd63041d2c1bcb487cc26dd0d5f7d97098a6c","hash":"135f5127272e27afb97b81d2c55a4cd21151818e"}
,"/Users/andeladeveloper/Documents/NewsLines/src/store/AuthStore.js": {"path":"/Users/andeladeveloper/Documents/NewsLines/src/store/AuthStore.js","statementMap":{"0":{"start":{"line":5,"column":21},"end":{"line":5,"column":51}},"1":{"start":{"line":7,"column":21},"end":{"line":7,"column":29}},"2":{"start":{"line":9,"column":14},"end":{"line":11,"column":1}},"3":{"start":{"line":13,"column":18},"end":{"line":26,"column":2}},"4":{"start":{"line":15,"column":4},"end":{"line":15,"column":30}},"5":{"start":{"line":18,"column":4},"end":{"line":18,"column":42}},"6":{"start":{"line":21,"column":4},"end":{"line":21,"column":17}},"7":{"start":{"line":24,"column":4},"end":{"line":24,"column":17}},"8":{"start":{"line":28,"column":0},"end":{"line":46,"column":3}},"9":{"start":{"line":29,"column":17},"end":{"line":29,"column":31}},"10":{"start":{"line":30,"column":18},"end":{"line":30,"column":24}},"11":{"start":{"line":31,"column":2},"end":{"line":45,"column":3}},"12":{"start":{"line":33,"column":6},"end":{"line":33,"column":27}},"13":{"start":{"line":34,"column":6},"end":{"line":34,"column":35}},"14":{"start":{"line":35,"column":6},"end":{"line":35,"column":12}},"15":{"start":{"line":37,"column":6},"end":{"line":37,"column":33}},"16":{"start":{"line":38,"column":6},"end":{"line":41,"column":7}},"17":{"start":{"line":39,"column":8},"end":{"line":39,"column":26}},"18":{"start":{"line":40,"column":8},"end":{"line":40,"column":37}},"19":{"start":{"line":42,"column":6},"end":{"line":42,"column":12}},"20":{"start":{"line":44,"column":6},"end":{"line":44,"column":18}}},"fnMap":{"0":{"name":"(anonymous_0)","decl":{"start":{"line":28,"column":20},"end":{"line":28,"column":21}},"loc":{"start":{"line":28,"column":33},"end":{"line":46,"column":1}},"line":28}},"branchMap":{"0":{"loc":{"start":{"line":31,"column":2},"end":{"line":45,"column":3}},"type":"switch","locations":[{"start":{"line":32,"column":4},"end":{"line":35,"column":12}},{"start":{"line":36,"column":4},"end":{"line":42,"column":12}},{"start":{"line":43,"column":4},"end":{"line":44,"column":18}}],"line":31},"1":{"loc":{"start":{"line":38,"column":6},"end":{"line":41,"column":7}},"type":"if","locations":[{"start":{"line":38,"column":6},"end":{"line":41,"column":7}},{"start":{"line":38,"column":6},"end":{"line":41,"column":7}}],"line":38}},"s":{"0":4,"1":4,"2":4,"3":4,"4":3,"5":0,"6":1,"7":1,"8":4,"9":1,"10":1,"11":1,"12":0,"13":0,"14":0,"15":0,"16":0,"17":0,"18":0,"19":0,"20":1},"f":{"0":1},"b":{"0":[0,0,1],"1":[0,0]},"_coverageSchema":"332fd63041d2c1bcb487cc26dd0d5f7d97098a6c","hash":"716d5b5bd301058294a2c7654d5c43fb20474adc"}
,"/Users/andeladeveloper/Documents/NewsLines/src/store/NewsStore.js": {"path":"/Users/andeladeveloper/Documents/NewsLines/src/store/NewsStore.js","statementMap":{"0":{"start":{"line":5,"column":21},"end":{"line":5,"column":51}},"1":{"start":{"line":8,"column":21},"end":{"line":8,"column":29}},"2":{"start":{"line":10,"column":14},"end":{"line":12,"column":1}},"3":{"start":{"line":15,"column":18},"end":{"line":29,"column":2}},"4":{"start":{"line":18,"column":4},"end":{"line":18,"column":30}},"5":{"start":{"line":21,"column":4},"end":{"line":21,"column":42}},"6":{"start":{"line":24,"column":4},"end":{"line":24,"column":17}},"7":{"start":{"line":27,"column":4},"end":{"line":27,"column":22}},"8":{"start":{"line":31,"column":0},"end":{"line":43,"column":3}},"9":{"start":{"line":32,"column":17},"end":{"line":32,"column":31}},"10":{"start":{"line":33,"column":21},"end":{"line":33,"column":36}},"11":{"start":{"line":34,"column":2},"end":{"line":42,"column":3}},"12":{"start":{"line":36,"column":6},"end":{"line":36,"column":30}},"13":{"start":{"line":37,"column":6},"end":{"line":37,"column":35}},"14":{"start":{"line":38,"column":6},"end":{"line":38,"column":12}},"15":{"start":{"line":41,"column":6},"end":{"line":41,"column":18}}},"fnMap":{"0":{"name":"(anonymous_0)","decl":{"start":{"line":31,"column":20},"end":{"line":31,"column":21}},"loc":{"start":{"line":31,"column":33},"end":{"line":43,"column":1}},"line":31}},"branchMap":{"0":{"loc":{"start":{"line":34,"column":2},"end":{"line":42,"column":3}},"type":"switch","locations":[{"start":{"line":35,"column":4},"end":{"line":38,"column":12}},{"start":{"line":40,"column":4},"end":{"line":41,"column":18}}],"line":34}},"s":{"0":2,"1":2,"2":2,"3":2,"4":1,"5":0,"6":1,"7":0,"8":2,"9":1,"10":1,"11":1,"12":0,"13":0,"14":0,"15":1},"f":{"0":1},"b":{"0":[0,1]},"_coverageSchema":"332fd63041d2c1bcb487cc26dd0d5f7d97098a6c","hash":"d1f6edc0bd773c542b261c77452fcc97ac9dcc47"}
,"/Users/andeladeveloper/Documents/NewsLines/src/utils/NewsAPI.js": {"path":"/Users/andeladeveloper/Documents/NewsLines/src/utils/NewsAPI.js","statementMap":{"0":{"start":{"line":6,"column":4},"end":{"line":13,"column":9}},"1":{"start":{"line":9,"column":8},"end":{"line":11,"column":9}},"2":{"start":{"line":10,"column":10},"end":{"line":10,"column":23}},"3":{"start":{"line":12,"column":8},"end":{"line":12,"column":56}}},"fnMap":{"0":{"name":"(anonymous_0)","decl":{"start":{"line":8,"column":11},"end":{"line":8,"column":12}},"loc":{"start":{"line":8,"column":30},"end":{"line":13,"column":7}},"line":8}},"branchMap":{"0":{"loc":{"start":{"line":9,"column":8},"end":{"line":11,"column":9}},"type":"if","locations":[{"start":{"line":9,"column":8},"end":{"line":11,"column":9}},{"start":{"line":9,"column":8},"end":{"line":11,"column":9}}],"line":9}},"s":{"0":1,"1":0,"2":0,"3":0},"f":{"0":0},"b":{"0":[0,0]},"_coverageSchema":"332fd63041d2c1bcb487cc26dd0d5f7d97098a6c","hash":"fe8102efc1c0046b9d5b5f3b951b0782e7d5a3c5"}
}
